<?xml version="1.0" encoding="UTF-8"?>
<testsuite xmlns:xsi="http://www.w3.org/2001/XMLSchema-instance" xsi:noNamespaceSchemaLocation="https://maven.apache.org/surefire/maven-surefire-plugin/xsd/surefire-test-report.xsd" version="3.0.2" name="com.trend_kart.TrendkartBackendApplicationTests" time="2.377" tests="1" errors="0" skipped="0" failures="0">
  <properties>
[...]
</properties>
  <testcase name="contextLoads" classname="com.trend_kart.TrendkartBackendApplicationTests" time="0.274">
    <system-out><![CDATA[14:41:05.112 [main] INFO org.springframework.test.context.support.AnnotationConfigContextLoaderUtils -- Could not detect default configuration classes for test class [com.trend_kart.TrendkartBackendApplicationTests]: TrendkartBackendApplicationTests does not declare any static, non-private, non-final, nested classes annotated with @Configuration.
14:41:05.156 [main] INFO org.springframework.boot.test.context.SpringBootTestContextBootstrapper -- Found @SpringBootConfiguration com.trend_kart.TrendkartBackendApplication for test class com.trend_kart.TrendkartBackendApplicationTests
14:41:05.216 [main] INFO org.springframework.boot.devtools.restart.RestartApplicationListener -- Restart disabled due to context in which it is running
2025-06-26T14:41:05.337+05:30  INFO 18381 --- [trend-kart] [           main] c.t.TrendkartBackendApplicationTests     : Starting TrendkartBackendApplicationTests using Java 21 with PID 18381 (started by mishadey in /Users/mishadey/Desktop/Personal/code/trend-kart)
2025-06-26T14:41:05.337+05:30  INFO 18381 --- [trend-kart] [           main] c.t.TrendkartBackendApplicationTests     : The following 1 profile is active: "dev"
2025-06-26T14:41:05.731+05:30  INFO 18381 --- [trend-kart] [           main] .s.d.r.c.RepositoryConfigurationDelegate : Multiple Spring Data modules found, entering strict repository configuration mode
2025-06-26T14:41:05.732+05:30  INFO 18381 --- [trend-kart] [           main] .s.d.r.c.RepositoryConfigurationDelegate : Bootstrapping Spring Data JPA repositories in DEFAULT mode.
2025-06-26T14:41:05.753+05:30  INFO 18381 --- [trend-kart] [           main] .s.d.r.c.RepositoryConfigurationDelegate : Finished Spring Data repository scanning in 17 ms. Found 1 JPA repository interface.
2025-06-26T14:41:05.757+05:30  INFO 18381 --- [trend-kart] [           main] .s.d.r.c.RepositoryConfigurationDelegate : Multiple Spring Data modules found, entering strict repository configuration mode
2025-06-26T14:41:05.757+05:30  INFO 18381 --- [trend-kart] [           main] .s.d.r.c.RepositoryConfigurationDelegate : Bootstrapping Spring Data MongoDB repositories in DEFAULT mode.
2025-06-26T14:41:05.761+05:30  INFO 18381 --- [trend-kart] [           main] .RepositoryConfigurationExtensionSupport : Spring Data MongoDB - Could not safely identify store assignment for repository candidate interface com.trend_kart.repository.UserRepository; If you want this repository to be a MongoDB repository, consider annotating your entities with one of these annotations: org.springframework.data.mongodb.core.mapping.Document (preferred), or consider extending one of the following types with your repository: org.springframework.data.mongodb.repository.MongoRepository
2025-06-26T14:41:05.761+05:30  INFO 18381 --- [trend-kart] [           main] .s.d.r.c.RepositoryConfigurationDelegate : Finished Spring Data repository scanning in 1 ms. Found 0 MongoDB repository interfaces.
2025-06-26T14:41:05.955+05:30  INFO 18381 --- [trend-kart] [           main] o.hibernate.jpa.internal.util.LogHelper  : HHH000204: Processing PersistenceUnitInfo [name: default]
2025-06-26T14:41:05.986+05:30  INFO 18381 --- [trend-kart] [           main] org.hibernate.Version                    : HHH000412: Hibernate ORM core version 6.6.18.Final
2025-06-26T14:41:05.999+05:30  INFO 18381 --- [trend-kart] [           main] o.h.c.internal.RegionFactoryInitiator    : HHH000026: Second-level cache disabled
2025-06-26T14:41:06.113+05:30  INFO 18381 --- [trend-kart] [           main] o.s.o.j.p.SpringPersistenceUnitInfo      : No LoadTimeWeaver setup: ignoring JPA class transformer
2025-06-26T14:41:06.127+05:30  INFO 18381 --- [trend-kart] [           main] com.zaxxer.hikari.HikariDataSource       : HikariCP - Starting...
2025-06-26T14:41:06.175+05:30  INFO 18381 --- [trend-kart] [           main] com.zaxxer.hikari.pool.HikariPool        : HikariCP - Added connection org.postgresql.jdbc.PgConnection@72e75786
2025-06-26T14:41:06.175+05:30  INFO 18381 --- [trend-kart] [           main] com.zaxxer.hikari.HikariDataSource       : HikariCP - Start completed.
2025-06-26T14:41:06.201+05:30  WARN 18381 --- [trend-kart] [           main] org.hibernate.orm.deprecation            : HHH90000025: PostgreSQLDialect does not need to be specified explicitly using 'hibernate.dialect' (remove the property setting and it will be selected by default)
2025-06-26T14:41:06.211+05:30  INFO 18381 --- [trend-kart] [           main] org.hibernate.orm.connections.pooling    : HHH10001005: Database info:
	Database JDBC URL [Connecting through datasource 'HikariDataSource (HikariCP)']
	Database driver: undefined/unknown
	Database version: 14.9
	Autocommit mode: undefined/unknown
	Isolation level: undefined/unknown
	Minimum pool size: undefined/unknown
	Maximum pool size: undefined/unknown
2025-06-26T14:41:06.515+05:30  INFO 18381 --- [trend-kart] [           main] o.h.e.t.j.p.i.JtaPlatformInitiator       : HHH000489: No JTA platform available (set 'hibernate.transaction.jta.platform' to enable JTA platform integration)
Hibernate: 
    set client_min_messages = WARNING
Hibernate: 
    drop table if exists products cascade
Hibernate: 
    drop table if exists users cascade
Hibernate: 
    create table products (
        price float(53),
        stock integer not null,
        created_at timestamp(6),
        updated_at timestamp(6),
        id uuid not null,
        brand varchar(255),
        category varchar(255),
        code varchar(255) not null unique,
        description varchar(255),
        name varchar(255),
        tags varchar(255) array,
        primary key (id)
    )
Hibernate: 
    create table users (
        id uuid not null,
        email varchar(255) not null unique,
        name varchar(255),
        password varchar(255),
        role varchar(255),
        primary key (id)
    )
2025-06-26T14:41:06.555+05:30  INFO 18381 --- [trend-kart] [           main] j.LocalContainerEntityManagerFactoryBean : Initialized JPA EntityManagerFactory for persistence unit 'default'
2025-06-26T14:41:06.684+05:30  WARN 18381 --- [trend-kart] [           main] .s.s.UserDetailsServiceAutoConfiguration : 

Using generated security password: b8305790-f39f-4755-96a5-35cd96147088

This generated password is for development use only. Your security configuration must be updated before running your application in production.

2025-06-26T14:41:06.687+05:30  INFO 18381 --- [trend-kart] [           main] r$InitializeUserDetailsManagerConfigurer : Global AuthenticationManager configured with UserDetailsService bean with name inMemoryUserDetailsManager
2025-06-26T14:41:06.933+05:30  INFO 18381 --- [trend-kart] [           main] org.mongodb.driver.client                : MongoClient with metadata {"driver": {"name": "mongo-java-driver|sync|spring-boot", "version": "5.5.1"}, "os": {"type": "Darwin", "name": "Mac OS X", "architecture": "aarch64", "version": "14.3"}, "platform": "Java/Homebrew/21"} created with settings MongoClientSettings{readPreference=primary, writeConcern=WriteConcern{w=null, wTimeout=null ms, journal=null}, retryWrites=true, retryReads=true, readConcern=ReadConcern{level=null}, credential=null, transportSettings=null, commandListeners=[io.micrometer.core.instrument.binder.mongodb.MongoMetricsCommandListener@79bb14d8], codecRegistry=ProvidersCodecRegistry{codecProviders=[ValueCodecProvider{}, BsonValueCodecProvider{}, DBRefCodecProvider{}, DBObjectCodecProvider{}, DocumentCodecProvider{}, CollectionCodecProvider{}, IterableCodecProvider{}, MapCodecProvider{}, GeoJsonCodecProvider{}, GridFSFileCodecProvider{}, Jsr310CodecProvider{}, JsonObjectCodecProvider{}, BsonCodecProvider{}, EnumCodecProvider{}, com.mongodb.client.model.mql.ExpressionCodecProvider@2c555efb, com.mongodb.Jep395RecordCodecProvider@17796f47, com.mongodb.KotlinCodecProvider@369f85c6]}, loggerSettings=LoggerSettings{maxDocumentLength=1000}, clusterSettings={hosts=[localhost:27017], srvServiceName=mongodb, mode=SINGLE, requiredClusterType=UNKNOWN, requiredReplicaSetName='null', serverSelector='null', clusterListeners='[]', serverSelectionTimeout='30000 ms', localThreshold='15 ms'}, socketSettings=SocketSettings{connectTimeoutMS=10000, readTimeoutMS=0, receiveBufferSize=0, proxySettings=ProxySettings{host=null, port=null, username=null, password=null}}, heartbeatSocketSettings=SocketSettings{connectTimeoutMS=10000, readTimeoutMS=10000, receiveBufferSize=0, proxySettings=ProxySettings{host=null, port=null, username=null, password=null}}, connectionPoolSettings=ConnectionPoolSettings{maxSize=100, minSize=0, maxWaitTimeMS=120000, maxConnectionLifeTimeMS=0, maxConnectionIdleTimeMS=0, maintenanceInitialDelayMS=0, maintenanceFrequencyMS=60000, connectionPoolListeners=[io.micrometer.core.instrument.binder.mongodb.MongoMetricsConnectionPoolListener@52b2c255], maxConnecting=2}, serverSettings=ServerSettings{heartbeatFrequencyMS=10000, minHeartbeatFrequencyMS=500, serverMonitoringMode=AUTO, serverListeners='[]', serverMonitorListeners='[]'}, sslSettings=SslSettings{enabled=false, invalidHostNameAllowed=false, context=null}, applicationName='null', compressorList=[], uuidRepresentation=JAVA_LEGACY, serverApi=null, autoEncryptionSettings=null, dnsClient=null, inetAddressResolver=null, contextProvider=null, timeoutMS=null}
2025-06-26T14:41:06.949+05:30  INFO 18381 --- [trend-kart] [localhost:27017] org.mongodb.driver.cluster               : Monitor thread successfully connected to server with description ServerDescription{address=localhost:27017, type=STANDALONE, cryptd=false, state=CONNECTED, ok=true, minWireVersion=0, maxWireVersion=9, maxDocumentSize=16777216, logicalSessionTimeoutMinutes=30, roundTripTimeNanos=18426666, minRoundTripTimeNanos=0}
2025-06-26T14:41:07.069+05:30  INFO 18381 --- [trend-kart] [           main] o.s.b.a.e.web.EndpointLinksResolver      : Exposing 1 endpoint beneath base path '/actuator'
2025-06-26T14:41:07.114+05:30  INFO 18381 --- [trend-kart] [           main] c.t.TrendkartBackendApplicationTests     : Started TrendkartBackendApplicationTests in 1.903 seconds (process running for 2.268)
]]></system-out>
    <system-err><![CDATA[Mockito is currently self-attaching to enable the inline-mock-maker. This will no longer work in future releases of the JDK. Please add Mockito as an agent to your build as described in Mockito's documentation: https://javadoc.io/doc/org.mockito/mockito-core/latest/org.mockito/org/mockito/Mockito.html#0.3
WARNING: A Java agent has been loaded dynamically (/Users/mishadey/.m2/repository/net/bytebuddy/byte-buddy-agent/1.17.6/byte-buddy-agent-1.17.6.jar)
WARNING: If a serviceability tool is in use, please run with -XX:+EnableDynamicAgentLoading to hide this warning
WARNING: If a serviceability tool is not in use, please run with -Djdk.instrument.traceUsage for more information
WARNING: Dynamic loading of agents will be disallowed by default in a future release
]]></system-err>
  </testcase>
</testsuite>